-------------------------------------------------------------------------------
Test set: com.ruanfen.ESAddDataTest
-------------------------------------------------------------------------------
Tests run: 5, Failures: 0, Errors: 5, Skipped: 0, Time elapsed: 90.59 s <<< FAILURE! - in com.ruanfen.ESAddDataTest
addData2Researcher  Time elapsed: 4.892 s  <<< ERROR!
org.elasticsearch.ElasticsearchException: java.util.concurrent.ExecutionException: java.net.ConnectException: Connection refused: no further information
	at com.ruanfen.ESAddDataTest.addData2Researcher(ESAddDataTest.java:118)
Caused by: java.util.concurrent.ExecutionException: java.net.ConnectException: Connection refused: no further information
	at com.ruanfen.ESAddDataTest.addData2Researcher(ESAddDataTest.java:118)
Caused by: java.net.ConnectException: Connection refused: no further information

addData2User  Time elapsed: 0.002 s  <<< ERROR!
org.elasticsearch.ElasticsearchException: java.util.concurrent.ExecutionException: java.net.ConnectException: Connection refused: no further information
	at com.ruanfen.ESAddDataTest.addData2User(ESAddDataTest.java:62)
Caused by: java.util.concurrent.ExecutionException: java.net.ConnectException: Connection refused: no further information
	at com.ruanfen.ESAddDataTest.addData2User(ESAddDataTest.java:62)
Caused by: java.net.ConnectException: Connection refused: no further information

addData2Article  Time elapsed: 85.574 s  <<< ERROR!
org.elasticsearch.ElasticsearchException: java.util.concurrent.ExecutionException: java.net.ConnectException: Connection refused: no further information
	at com.ruanfen.ESAddDataTest.addData2Article(ESAddDataTest.java:92)
Caused by: java.util.concurrent.ExecutionException: java.net.ConnectException: Connection refused: no further information
	at com.ruanfen.ESAddDataTest.addData2Article(ESAddDataTest.java:92)
Caused by: java.net.ConnectException: Connection refused: no further information

addData2Patent  Time elapsed: 0.02 s  <<< ERROR!
org.elasticsearch.action.ActionRequestValidationException: Validation Failed: 1: no requests added;
	at com.ruanfen.ESAddDataTest.addData2Patent(ESAddDataTest.java:161)

addData2Project  Time elapsed: 0.09 s  <<< ERROR!
org.springframework.jdbc.BadSqlGrammarException: 

### Error querying database.  Cause: java.sql.SQLSyntaxErrorException: Table 'academic.project' doesn't exist
### The error may exist in com/ruanfen/mapper/ProjectMapper.java (best guess)
### The error may involve defaultParameterMap
### The error occurred while setting parameters
### SQL: SELECT  project_id,project_name,project_type,start_date,end_date,funding_sources,field_of_research,investigator_id,participants_id,project_description,project_status  FROM project
### Cause: java.sql.SQLSyntaxErrorException: Table 'academic.project' doesn't exist
; bad SQL grammar []; nested exception is java.sql.SQLSyntaxErrorException: Table 'academic.project' doesn't exist
	at com.ruanfen.ESAddDataTest.addData2Project(ESAddDataTest.java:171)
Caused by: java.sql.SQLSyntaxErrorException: Table 'academic.project' doesn't exist
	at com.ruanfen.ESAddDataTest.addData2Project(ESAddDataTest.java:171)

