-------------------------------------------------------------------------------
Test set: com.ruanfen.ESGetTest
-------------------------------------------------------------------------------
Tests run: 1, Failures: 0, Errors: 1, Skipped: 0, Time elapsed: 1.027 s <<< FAILURE! - in com.ruanfen.ESGetTest
testGetDocumentById  Time elapsed: 1.024 s  <<< ERROR!
org.springframework.transaction.CannotCreateTransactionException: Could not open JDBC Connection for transaction; nested exception is java.sql.SQLException: Access denied for user 'root'@'localhost' (using password: YES)
Caused by: java.sql.SQLException: Access denied for user 'root'@'localhost' (using password: YES)

