<?xml version="1.0" encoding="UTF-8"?>
<testsuite xmlns:xsi="http://www.w3.org/2001/XMLSchema-instance" xsi:noNamespaceSchemaLocation="https://maven.apache.org/surefire/maven-surefire-plugin/xsd/surefire-test-report.xsd" name="com.ruanfen.ESAddIndexTest" time="0.05" tests="1" errors="1" skipped="0" failures="0">
  <properties>
[...]
</properties>
  <testcase name="createIndex" classname="com.ruanfen.ESAddIndexTest" time="0.045">
    <error message="java.util.concurrent.ExecutionException: java.net.ConnectException: Connection refused: no further information" type="org.elasticsearch.ElasticsearchException">org.elasticsearch.ElasticsearchException: java.util.concurrent.ExecutionException: java.net.ConnectException: Connection refused: no further information
	at com.ruanfen.ESAddIndexTest.createIndex(ESAddIndexTest.java:40)
Caused by: java.util.concurrent.ExecutionException: java.net.ConnectException: Connection refused: no further information
	at com.ruanfen.ESAddIndexTest.createIndex(ESAddIndexTest.java:40)
Caused by: java.net.ConnectException: Connection refused: no further information
</error>
    <system-out><![CDATA[2024-12-21 16:48:52.254  INFO 26844 --- [           main] .b.t.c.SpringBootTestContextBootstrapper : Neither @ContextConfiguration nor @ContextHierarchy found for test class [com.ruanfen.ESAddIndexTest], using SpringBootContextLoader
2024-12-21 16:48:52.256  INFO 26844 --- [           main] o.s.t.c.support.AbstractContextLoader    : Could not detect default resource locations for test class [com.ruanfen.ESAddIndexTest]: no resource found for suffixes {-context.xml, Context.groovy}.
2024-12-21 16:48:52.256  INFO 26844 --- [           main] t.c.s.AnnotationConfigContextLoaderUtils : Could not detect default configuration classes for test class [com.ruanfen.ESAddIndexTest]: ESAddIndexTest does not declare any static, non-private, non-final, nested classes annotated with @Configuration.
2024-12-21 16:48:52.257  INFO 26844 --- [           main] .b.t.c.SpringBootTestContextBootstrapper : Found @SpringBootConfiguration com.ruanfen.AcademicApplication for test class com.ruanfen.ESAddIndexTest
2024-12-21 16:48:52.260  INFO 26844 --- [           main] .b.t.c.SpringBootTestContextBootstrapper : Loaded default TestExecutionListener class names from location [META-INF/spring.factories]: [org.springframework.boot.test.mock.mockito.MockitoTestExecutionListener, org.springframework.boot.test.mock.mockito.ResetMocksTestExecutionListener, org.springframework.boot.test.autoconfigure.restdocs.RestDocsTestExecutionListener, org.springframework.boot.test.autoconfigure.web.client.MockRestServiceServerResetTestExecutionListener, org.springframework.boot.test.autoconfigure.web.servlet.MockMvcPrintOnlyOnFailureTestExecutionListener, org.springframework.boot.test.autoconfigure.web.servlet.WebDriverTestExecutionListener, org.springframework.boot.test.autoconfigure.webservices.client.MockWebServiceServerTestExecutionListener, org.springframework.test.context.web.ServletTestExecutionListener, org.springframework.test.context.support.DirtiesContextBeforeModesTestExecutionListener, org.springframework.test.context.event.ApplicationEventsTestExecutionListener, org.springframework.test.context.support.DependencyInjectionTestExecutionListener, org.springframework.test.context.support.DirtiesContextTestExecutionListener, org.springframework.test.context.transaction.TransactionalTestExecutionListener, org.springframework.test.context.jdbc.SqlScriptsTestExecutionListener, org.springframework.test.context.event.EventPublishingTestExecutionListener]
2024-12-21 16:48:52.260  INFO 26844 --- [           main] .b.t.c.SpringBootTestContextBootstrapper : Using TestExecutionListeners: [org.springframework.test.context.web.ServletTestExecutionListener@6fb51e17, org.springframework.test.context.support.DirtiesContextBeforeModesTestExecutionListener@722d3ddb, org.springframework.test.context.event.ApplicationEventsTestExecutionListener@721fc228, org.springframework.boot.test.mock.mockito.MockitoTestExecutionListener@25b87e1b, org.springframework.boot.test.autoconfigure.SpringBootDependencyInjectionTestExecutionListener@623a891d, org.springframework.test.context.support.DirtiesContextTestExecutionListener@7962a364, org.springframework.test.context.transaction.TransactionalTestExecutionListener@756030e2, org.springframework.test.context.jdbc.SqlScriptsTestExecutionListener@134ec0f3, org.springframework.test.context.event.EventPublishingTestExecutionListener@258ac1e6, org.springframework.boot.test.mock.mockito.ResetMocksTestExecutionListener@491f3fb0, org.springframework.boot.test.autoconfigure.restdocs.RestDocsTestExecutionListener@3d0ce151, org.springframework.boot.test.autoconfigure.web.client.MockRestServiceServerResetTestExecutionListener@58a0f75b, org.springframework.boot.test.autoconfigure.web.servlet.MockMvcPrintOnlyOnFailureTestExecutionListener@2b569858, org.springframework.boot.test.autoconfigure.web.servlet.WebDriverTestExecutionListener@1b84d03d, org.springframework.boot.test.autoconfigure.webservices.client.MockWebServiceServerTestExecutionListener@41d8ac75]
]]></system-out>
  </testcase>
</testsuite>