<?xml version="1.0" encoding="UTF-8"?>
<testsuite xmlns:xsi="http://www.w3.org/2001/XMLSchema-instance" xsi:noNamespaceSchemaLocation="https://maven.apache.org/surefire/maven-surefire-plugin/xsd/surefire-test-report.xsd" name="com.ruanfen.ESAddDataTest" time="1.13" tests="5" errors="5" skipped="0" failures="0">
  <properties>
[...]
</properties>
  <testcase name="addData2Researcher" classname="com.ruanfen.ESAddDataTest" time="0.819">
    <error message="Cannot invoke &quot;com.ruanfen.enums.FieldOfResearch.getName()&quot; because the return value of &quot;com.ruanfen.model.Researcher.getFieldOfResearch()&quot; is null" type="java.lang.NullPointerException">java.lang.NullPointerException: Cannot invoke "com.ruanfen.enums.FieldOfResearch.getName()" because the return value of "com.ruanfen.model.Researcher.getFieldOfResearch()" is null
	at com.ruanfen.ESAddDataTest.addData2Researcher(ESAddDataTest.java:111)
</error>
    <system-out><![CDATA[2024-12-21 16:48:51.068  INFO 26844 --- [           main] .b.t.c.SpringBootTestContextBootstrapper : Neither @ContextConfiguration nor @ContextHierarchy found for test class [com.ruanfen.ESAddDataTest], using SpringBootContextLoader
2024-12-21 16:48:51.070  INFO 26844 --- [           main] o.s.t.c.support.AbstractContextLoader    : Could not detect default resource locations for test class [com.ruanfen.ESAddDataTest]: no resource found for suffixes {-context.xml, Context.groovy}.
2024-12-21 16:48:51.070  INFO 26844 --- [           main] t.c.s.AnnotationConfigContextLoaderUtils : Could not detect default configuration classes for test class [com.ruanfen.ESAddDataTest]: ESAddDataTest does not declare any static, non-private, non-final, nested classes annotated with @Configuration.
2024-12-21 16:48:51.071  INFO 26844 --- [           main] .b.t.c.SpringBootTestContextBootstrapper : Found @SpringBootConfiguration com.ruanfen.AcademicApplication for test class com.ruanfen.ESAddDataTest
2024-12-21 16:48:51.073  INFO 26844 --- [           main] .b.t.c.SpringBootTestContextBootstrapper : Loaded default TestExecutionListener class names from location [META-INF/spring.factories]: [org.springframework.boot.test.mock.mockito.MockitoTestExecutionListener, org.springframework.boot.test.mock.mockito.ResetMocksTestExecutionListener, org.springframework.boot.test.autoconfigure.restdocs.RestDocsTestExecutionListener, org.springframework.boot.test.autoconfigure.web.client.MockRestServiceServerResetTestExecutionListener, org.springframework.boot.test.autoconfigure.web.servlet.MockMvcPrintOnlyOnFailureTestExecutionListener, org.springframework.boot.test.autoconfigure.web.servlet.WebDriverTestExecutionListener, org.springframework.boot.test.autoconfigure.webservices.client.MockWebServiceServerTestExecutionListener, org.springframework.test.context.web.ServletTestExecutionListener, org.springframework.test.context.support.DirtiesContextBeforeModesTestExecutionListener, org.springframework.test.context.event.ApplicationEventsTestExecutionListener, org.springframework.test.context.support.DependencyInjectionTestExecutionListener, org.springframework.test.context.support.DirtiesContextTestExecutionListener, org.springframework.test.context.transaction.TransactionalTestExecutionListener, org.springframework.test.context.jdbc.SqlScriptsTestExecutionListener, org.springframework.test.context.event.EventPublishingTestExecutionListener]
2024-12-21 16:48:51.074  INFO 26844 --- [           main] .b.t.c.SpringBootTestContextBootstrapper : Using TestExecutionListeners: [org.springframework.test.context.web.ServletTestExecutionListener@6b6f73d, org.springframework.test.context.support.DirtiesContextBeforeModesTestExecutionListener@4c6fabba, org.springframework.test.context.event.ApplicationEventsTestExecutionListener@3f2ab6ec, org.springframework.boot.test.mock.mockito.MockitoTestExecutionListener@1f1e15de, org.springframework.boot.test.autoconfigure.SpringBootDependencyInjectionTestExecutionListener@2ea0161f, org.springframework.test.context.support.DirtiesContextTestExecutionListener@1f235a0a, org.springframework.test.context.transaction.TransactionalTestExecutionListener@75d402d4, org.springframework.test.context.jdbc.SqlScriptsTestExecutionListener@1a0b4955, org.springframework.test.context.event.EventPublishingTestExecutionListener@3435a4e5, org.springframework.boot.test.mock.mockito.ResetMocksTestExecutionListener@31434b63, org.springframework.boot.test.autoconfigure.restdocs.RestDocsTestExecutionListener@64d42d3d, org.springframework.boot.test.autoconfigure.web.client.MockRestServiceServerResetTestExecutionListener@24558113, org.springframework.boot.test.autoconfigure.web.servlet.MockMvcPrintOnlyOnFailureTestExecutionListener@3d5e0bf0, org.springframework.boot.test.autoconfigure.web.servlet.WebDriverTestExecutionListener@166d576b, org.springframework.boot.test.autoconfigure.webservices.client.MockWebServiceServerTestExecutionListener@53153d5e]
Creating a new SqlSession
SqlSession [org.apache.ibatis.session.defaults.DefaultSqlSession@73bcd9b4] was not registered for synchronization because synchronization is not active
2024-12-21 16:48:51.263  INFO 26844 --- [           main] com.zaxxer.hikari.HikariDataSource       : HikariPool-1 - Starting...
2024-12-21 16:48:51.743  INFO 26844 --- [           main] com.zaxxer.hikari.HikariDataSource       : HikariPool-1 - Start completed.
JDBC Connection [HikariProxyConnection@1846614763 wrapping com.mysql.cj.jdbc.ConnectionImpl@55a5eea3] will not be managed by Spring
==>  Preparing: SELECT researcher_id,name,field_of_research,article_ids,patent_ids,project_ids,award_ids,institution,awards,claimed FROM researcher
==> Parameters: 
<==    Columns: researcher_id, name, field_of_research, article_ids, patent_ids, project_ids, award_ids, institution, awards, claimed
<==        Row: 1, researcher1, 1, <<BLOB>>, <<BLOB>>, <<BLOB>>, <<BLOB>>, null, <<BLOB>>, 0
<==      Total: 1
Closing non transactional SqlSession [org.apache.ibatis.session.defaults.DefaultSqlSession@73bcd9b4]
]]></system-out>
  </testcase>
  <testcase name="addData2User" classname="com.ruanfen.ESAddDataTest" time="0.237">
    <error message="java.util.concurrent.ExecutionException: java.net.ConnectException: Connection refused: no further information" type="org.elasticsearch.ElasticsearchException">org.elasticsearch.ElasticsearchException: java.util.concurrent.ExecutionException: java.net.ConnectException: Connection refused: no further information
	at com.ruanfen.ESAddDataTest.addData2User(ESAddDataTest.java:63)
Caused by: java.util.concurrent.ExecutionException: java.net.ConnectException: Connection refused: no further information
	at com.ruanfen.ESAddDataTest.addData2User(ESAddDataTest.java:63)
Caused by: java.net.ConnectException: Connection refused: no further information
</error>
    <system-out><![CDATA[Creating a new SqlSession
SqlSession [org.apache.ibatis.session.defaults.DefaultSqlSession@cce672c] was not registered for synchronization because synchronization is not active
JDBC Connection [HikariProxyConnection@1231029475 wrapping com.mysql.cj.jdbc.ConnectionImpl@55a5eea3] will not be managed by Spring
==>  Preparing: SELECT user_id,user_name,password,update_time,date_joined,last_login,phone_number,email,role,science_id FROM user
==> Parameters: 
<==    Columns: user_id, user_name, password, update_time, date_joined, last_login, phone_number, email, role, science_id
<==        Row: 1, sjjh1, 1, 2024-12-21 00:00:00, null, null, null, null, user, null
<==        Row: 2, sjjh2, 2, 2024-12-22 00:00:00, null, null, null, null, user, null
<==      Total: 2
Closing non transactional SqlSession [org.apache.ibatis.session.defaults.DefaultSqlSession@cce672c]
]]></system-out>
  </testcase>
  <testcase name="addData2Article" classname="com.ruanfen.ESAddDataTest" time="0.02">
    <error message="Validation Failed: 1: no requests added;" type="org.elasticsearch.action.ActionRequestValidationException">org.elasticsearch.action.ActionRequestValidationException: Validation Failed: 1: no requests added;
	at com.ruanfen.ESAddDataTest.addData2Article(ESAddDataTest.java:93)
</error>
    <system-out><![CDATA[Creating a new SqlSession
SqlSession [org.apache.ibatis.session.defaults.DefaultSqlSession@762d2e4c] was not registered for synchronization because synchronization is not active
JDBC Connection [HikariProxyConnection@508294491 wrapping com.mysql.cj.jdbc.ConnectionImpl@55a5eea3] will not be managed by Spring
==>  Preparing: SELECT article_id,article_name,doi,abstract_text,keywords,researcher_id,field_of_research,publish_time,category_num,pages,views,source,references_ids FROM article
==> Parameters: 
<==      Total: 0
Closing non transactional SqlSession [org.apache.ibatis.session.defaults.DefaultSqlSession@762d2e4c]
]]></system-out>
  </testcase>
  <testcase name="addData2Patent" classname="com.ruanfen.ESAddDataTest" time="0.023">
    <error message="Cannot invoke &quot;com.ruanfen.enums.PatentType.getName()&quot; because the return value of &quot;com.ruanfen.model.Patent.getPatentType()&quot; is null" type="java.lang.NullPointerException">java.lang.NullPointerException: Cannot invoke "com.ruanfen.enums.PatentType.getName()" because the return value of "com.ruanfen.model.Patent.getPatentType()" is null
	at com.ruanfen.ESAddDataTest.addData2Patent(ESAddDataTest.java:138)
</error>
    <system-out><![CDATA[Creating a new SqlSession
SqlSession [org.apache.ibatis.session.defaults.DefaultSqlSession@4fce655d] was not registered for synchronization because synchronization is not active
JDBC Connection [HikariProxyConnection@234223191 wrapping com.mysql.cj.jdbc.ConnectionImpl@55a5eea3] will not be managed by Spring
==>  Preparing: SELECT patent_id,patent_name,patent_type,application_num,publication_num,authorization_num,application_date,publication_date,authorization_date,main_claim,abstract_text,applicants,inventors_id,field_of_research,views FROM patent
==> Parameters: 
<==    Columns: patent_id, patent_name, patent_type, application_num, publication_num, authorization_num, application_date, publication_date, authorization_date, main_claim, abstract_text, applicants, inventors_id, field_of_research, views
<==        Row: 1, <<BLOB>>, 1, 1, 1, 1, null, null, null, <<BLOB>>, <<BLOB>>, <<BLOB>>, <<BLOB>>, 3, 3
<==      Total: 1
Closing non transactional SqlSession [org.apache.ibatis.session.defaults.DefaultSqlSession@4fce655d]
]]></system-out>
  </testcase>
  <testcase name="addData2Project" classname="com.ruanfen.ESAddDataTest" time="0.02">
    <error message="Validation Failed: 1: no requests added;" type="org.elasticsearch.action.ActionRequestValidationException">org.elasticsearch.action.ActionRequestValidationException: Validation Failed: 1: no requests added;
	at com.ruanfen.ESAddDataTest.addData2Project(ESAddDataTest.java:210)
</error>
    <system-out><![CDATA[Creating a new SqlSession
SqlSession [org.apache.ibatis.session.defaults.DefaultSqlSession@434a2a10] was not registered for synchronization because synchronization is not active
JDBC Connection [HikariProxyConnection@1844179384 wrapping com.mysql.cj.jdbc.ConnectionImpl@55a5eea3] will not be managed by Spring
==>  Preparing: SELECT project_id,project_name,project_type,start_date,end_date,funding_sources,field_of_research,investigator_id,participants_id,project_description,project_status FROM project
==> Parameters: 
<==      Total: 0
Closing non transactional SqlSession [org.apache.ibatis.session.defaults.DefaultSqlSession@434a2a10]
]]></system-out>
  </testcase>
</testsuite>